<?xml version="1.0" encoding="UTF-8"?>
<!-- Generated by org.testng.reporters.JUnitXMLReporter -->
<testsuite ignored="0" hostname="Gauthams-MacBook-Pro.local" failures="0" tests="3" name="Ecommerce Tests" time="110.377" errors="0" timestamp="2026-05-16T17:33:28 IST">
  <testcase classname="com.bstack.tests.LoginTest" name="loginTest" time="6.948"/>
  <testcase classname="com.bstack.tests.AddToCartTest" name="addToCartTest" time="1.952"/>
  <testcase classname="com.bstack.tests.CheckoutTest" name="checkoutTest" time="12.43"/>
</testsuite> <!-- Ecommerce Tests -->
