<?xml version="1.0" encoding="UTF-8"?>
<!-- Generated by org.testng.reporters.JUnitXMLReporter -->
<testsuite ignored="0" hostname="Gauthams-MacBook-Pro.local" failures="1" tests="1" name="Ecommerce Functional Tests" time="0.035" errors="0" timestamp="2026-05-16T23:55:31 IST">
  <testcase classname="com.bstack.tests.EcommerceTest" name="TC_01_validateValidLogin" time="0.017">
    <failure type="java.lang.NullPointerException" message="Cannot invoke &amp;quot;org.openqa.selenium.WebDriver.findElement(org.openqa.selenium.By)&amp;quot; because &amp;quot;driver&amp;quot; is null">
      <![CDATA[java.lang.NullPointerException: Cannot invoke "org.openqa.selenium.WebDriver.findElement(org.openqa.selenium.By)" because "driver" is null
at org.openqa.selenium.support.ui.ExpectedConditions$7.apply(ExpectedConditions.java:194)
at org.openqa.selenium.support.ui.ExpectedConditions$7.apply(ExpectedConditions.java:190)
at org.openqa.selenium.support.ui.FluentWait.until(FluentWait.java:203)
at com.bstack.utilities.WaitUtils.waitForElement(WaitUtils.java:22)
at com.bstack.pages.LoginPage.login(LoginPage.java:40)
at com.bstack.tests.EcommerceTest.TC_01_validateValidLogin(EcommerceTest.java:62)
at java.base/java.util.ArrayList.forEach(ArrayList.java:1596)
... Removed 25 stack frames]]>
    </failure>
  </testcase> <!-- TC_01_validateValidLogin -->
</testsuite> <!-- Ecommerce Functional Tests -->
