<?xml version="1.0" encoding="UTF-8"?>
<!-- Generated by org.testng.reporters.JUnitXMLReporter -->
<testsuite ignored="0" hostname="Gauthams-MacBook-Pro.local" failures="0" tests="5" name="Login Test" time="12.888" errors="0" timestamp="2026-05-17T01:43:46 IST">
  <testcase classname="com.bstack.tests.EcommerceTest" name="TC_01_validateValidLogin" time="7.666"/>
  <testcase classname="com.bstack.tests.EcommerceTest" name="TC_02_validateProductDisplay" time="0.543"/>
  <testcase classname="com.bstack.tests.EcommerceTest" name="TC_03_validateAddToCart" time="0.763"/>
  <testcase classname="com.bstack.tests.EcommerceTest" name="TC_04_validateCartSlider" time="0.211"/>
  <testcase classname="com.bstack.tests.EcommerceTest" name="TC_05_validateCheckout" time="0.92"/>
</testsuite> <!-- Login Test -->
