<?xml version="1.0" encoding="UTF-8"?>
<testng-results ignored="0" total="5" passed="5" failed="0" skipped="0">
  <reporter-output>
  </reporter-output>
  <suite started-at="2026-05-17T01:43:33 IST" name="BrowserStack Suite" finished-at="2026-05-17T01:43:46 IST" duration-ms="12888">
    <groups>
    </groups>
    <test started-at="2026-05-17T01:43:33 IST" name="Login Test" finished-at="2026-05-17T01:43:46 IST" duration-ms="12888">
      <class name="com.bstack.tests.EcommerceTest">
        <test-method is-config="true" signature="setup()[pri:0, instance:com.bstack.tests.EcommerceTest@55183b20]" started-at="2026-05-17T01:43:33 IST" name="setup" finished-at="2026-05-17T01:43:36 IST" duration-ms="2508" status="PASS">
          <reporter-output>
          </reporter-output>
        </test-method> <!-- setup -->
        <test-method is-config="true" signature="createTest(java.lang.reflect.Method)[pri:0, instance:com.bstack.tests.EcommerceTest@55183b20]" started-at="2026-05-17T01:43:36 IST" name="createTest" finished-at="2026-05-17T01:43:36 IST" duration-ms="2" status="PASS">
          <params>
            <param index="0">
              <value>
                <![CDATA[public void com.bstack.tests.EcommerceTest.TC_01_validateValidLogin() throws java.lang.Exception]]>
              </value>
            </param>
          </params>
          <reporter-output>
          </reporter-output>
        </test-method> <!-- createTest -->
        <test-method signature="TC_01_validateValidLogin()[pri:1, instance:com.bstack.tests.EcommerceTest@55183b20]" started-at="2026-05-17T01:43:36 IST" name="TC_01_validateValidLogin" finished-at="2026-05-17T01:43:43 IST" duration-ms="7666" status="PASS">
          <reporter-output>
          </reporter-output>
        </test-method> <!-- TC_01_validateValidLogin -->
        <test-method signature="TC_02_validateProductDisplay()[pri:2, instance:com.bstack.tests.EcommerceTest@55183b20]" started-at="2026-05-17T01:43:43 IST" name="TC_02_validateProductDisplay" finished-at="2026-05-17T01:43:44 IST" duration-ms="543" status="PASS">
          <reporter-output>
          </reporter-output>
        </test-method> <!-- TC_02_validateProductDisplay -->
        <test-method is-config="true" signature="createTest(java.lang.reflect.Method)[pri:0, instance:com.bstack.tests.EcommerceTest@55183b20]" started-at="2026-05-17T01:43:43 IST" name="createTest" finished-at="2026-05-17T01:43:43 IST" duration-ms="0" status="PASS">
          <params>
            <param index="0">
              <value>
                <![CDATA[public void com.bstack.tests.EcommerceTest.TC_02_validateProductDisplay() throws java.lang.Exception]]>
              </value>
            </param>
          </params>
          <reporter-output>
          </reporter-output>
        </test-method> <!-- createTest -->
        <test-method signature="TC_03_validateAddToCart()[pri:3, instance:com.bstack.tests.EcommerceTest@55183b20]" started-at="2026-05-17T01:43:44 IST" name="TC_03_validateAddToCart" finished-at="2026-05-17T01:43:45 IST" duration-ms="763" status="PASS">
          <reporter-output>
          </reporter-output>
        </test-method> <!-- TC_03_validateAddToCart -->
        <test-method is-config="true" signature="createTest(java.lang.reflect.Method)[pri:0, instance:com.bstack.tests.EcommerceTest@55183b20]" started-at="2026-05-17T01:43:44 IST" name="createTest" finished-at="2026-05-17T01:43:44 IST" duration-ms="0" status="PASS">
          <params>
            <param index="0">
              <value>
                <![CDATA[public void com.bstack.tests.EcommerceTest.TC_03_validateAddToCart() throws java.lang.Exception]]>
              </value>
            </param>
          </params>
          <reporter-output>
          </reporter-output>
        </test-method> <!-- createTest -->
        <test-method signature="TC_04_validateCartSlider()[pri:4, instance:com.bstack.tests.EcommerceTest@55183b20]" started-at="2026-05-17T01:43:45 IST" name="TC_04_validateCartSlider" finished-at="2026-05-17T01:43:45 IST" duration-ms="211" status="PASS">
          <reporter-output>
          </reporter-output>
        </test-method> <!-- TC_04_validateCartSlider -->
        <test-method is-config="true" signature="createTest(java.lang.reflect.Method)[pri:0, instance:com.bstack.tests.EcommerceTest@55183b20]" started-at="2026-05-17T01:43:45 IST" name="createTest" finished-at="2026-05-17T01:43:45 IST" duration-ms="0" status="PASS">
          <params>
            <param index="0">
              <value>
                <![CDATA[public void com.bstack.tests.EcommerceTest.TC_04_validateCartSlider() throws java.lang.Exception]]>
              </value>
            </param>
          </params>
          <reporter-output>
          </reporter-output>
        </test-method> <!-- createTest -->
        <test-method signature="TC_05_validateCheckout()[pri:5, instance:com.bstack.tests.EcommerceTest@55183b20]" started-at="2026-05-17T01:43:45 IST" name="TC_05_validateCheckout" finished-at="2026-05-17T01:43:46 IST" duration-ms="920" status="PASS">
          <reporter-output>
          </reporter-output>
        </test-method> <!-- TC_05_validateCheckout -->
        <test-method is-config="true" signature="createTest(java.lang.reflect.Method)[pri:0, instance:com.bstack.tests.EcommerceTest@55183b20]" started-at="2026-05-17T01:43:45 IST" name="createTest" finished-at="2026-05-17T01:43:45 IST" duration-ms="0" status="PASS">
          <params>
            <param index="0">
              <value>
                <![CDATA[public void com.bstack.tests.EcommerceTest.TC_05_validateCheckout() throws java.lang.Exception]]>
              </value>
            </param>
          </params>
          <reporter-output>
          </reporter-output>
        </test-method> <!-- createTest -->
        <test-method is-config="true" signature="teardown()[pri:0, instance:com.bstack.tests.EcommerceTest@55183b20]" started-at="2026-05-17T01:43:46 IST" name="teardown" finished-at="2026-05-17T01:43:46 IST" duration-ms="254" status="PASS">
          <reporter-output>
          </reporter-output>
        </test-method> <!-- teardown -->
      </class> <!-- com.bstack.tests.EcommerceTest -->
    </test> <!-- Login Test -->
  </suite> <!-- BrowserStack Suite -->
</testng-results>
