<?xml version="1.0" encoding="UTF-8"?>
<testng-results ignored="0" total="7" passed="7" failed="0" skipped="0">
  <reporter-output>
  </reporter-output>
  <suite started-at="2026-05-17T14:23:07 IST" name="BrowserStack Suite" finished-at="2026-05-17T14:23:27 IST" duration-ms="19850">
    <groups>
    </groups>
    <test started-at="2026-05-17T14:23:07 IST" name="Login Test" finished-at="2026-05-17T14:23:27 IST" duration-ms="19850">
      <class name="com.bstack.tests.EcommerceTest">
        <test-method is-config="true" signature="setup()[pri:0, instance:com.bstack.tests.EcommerceTest@6cf0e0ba]" started-at="2026-05-17T14:23:07 IST" name="setup" finished-at="2026-05-17T14:23:11 IST" duration-ms="3098" status="PASS">
          <reporter-output>
          </reporter-output>
        </test-method> <!-- setup -->
        <test-method is-config="true" signature="createTest(java.lang.reflect.Method)[pri:0, instance:com.bstack.tests.EcommerceTest@6cf0e0ba]" started-at="2026-05-17T14:23:11 IST" name="createTest" finished-at="2026-05-17T14:23:11 IST" duration-ms="2" status="PASS">
          <params>
            <param index="0">
              <value>
                <![CDATA[public void com.bstack.tests.EcommerceTest.TC_01_validateValidLogin() throws java.lang.Exception]]>
              </value>
            </param>
          </params>
          <reporter-output>
          </reporter-output>
        </test-method> <!-- createTest -->
        <test-method signature="TC_01_validateValidLogin()[pri:1, instance:com.bstack.tests.EcommerceTest@6cf0e0ba]" started-at="2026-05-17T14:23:11 IST" name="TC_01_validateValidLogin" finished-at="2026-05-17T14:23:24 IST" duration-ms="13574" status="PASS">
          <reporter-output>
          </reporter-output>
        </test-method> <!-- TC_01_validateValidLogin -->
        <test-method is-config="true" signature="createTest(java.lang.reflect.Method)[pri:0, instance:com.bstack.tests.EcommerceTest@6cf0e0ba]" started-at="2026-05-17T14:23:24 IST" name="createTest" finished-at="2026-05-17T14:23:24 IST" duration-ms="1" status="PASS">
          <params>
            <param index="0">
              <value>
                <![CDATA[public void com.bstack.tests.EcommerceTest.TC_02_validateProductDisplay() throws java.lang.Exception]]>
              </value>
            </param>
          </params>
          <reporter-output>
          </reporter-output>
        </test-method> <!-- createTest -->
        <test-method signature="TC_02_validateProductDisplay()[pri:2, instance:com.bstack.tests.EcommerceTest@6cf0e0ba]" started-at="2026-05-17T14:23:24 IST" name="TC_02_validateProductDisplay" finished-at="2026-05-17T14:23:25 IST" duration-ms="543" status="PASS">
          <reporter-output>
          </reporter-output>
        </test-method> <!-- TC_02_validateProductDisplay -->
        <test-method is-config="true" signature="createTest(java.lang.reflect.Method)[pri:0, instance:com.bstack.tests.EcommerceTest@6cf0e0ba]" started-at="2026-05-17T14:23:25 IST" name="createTest" finished-at="2026-05-17T14:23:25 IST" duration-ms="0" status="PASS">
          <params>
            <param index="0">
              <value>
                <![CDATA[public void com.bstack.tests.EcommerceTest.TC_03_validateAddToCart() throws java.lang.Exception]]>
              </value>
            </param>
          </params>
          <reporter-output>
          </reporter-output>
        </test-method> <!-- createTest -->
        <test-method signature="TC_03_validateAddToCart()[pri:3, instance:com.bstack.tests.EcommerceTest@6cf0e0ba]" started-at="2026-05-17T14:23:25 IST" name="TC_03_validateAddToCart" finished-at="2026-05-17T14:23:25 IST" duration-ms="778" status="PASS">
          <reporter-output>
          </reporter-output>
        </test-method> <!-- TC_03_validateAddToCart -->
        <test-method signature="TC_04_validateCartSlider()[pri:4, instance:com.bstack.tests.EcommerceTest@6cf0e0ba]" started-at="2026-05-17T14:23:25 IST" name="TC_04_validateCartSlider" finished-at="2026-05-17T14:23:26 IST" duration-ms="197" status="PASS">
          <reporter-output>
          </reporter-output>
        </test-method> <!-- TC_04_validateCartSlider -->
        <test-method is-config="true" signature="createTest(java.lang.reflect.Method)[pri:0, instance:com.bstack.tests.EcommerceTest@6cf0e0ba]" started-at="2026-05-17T14:23:25 IST" name="createTest" finished-at="2026-05-17T14:23:25 IST" duration-ms="0" status="PASS">
          <params>
            <param index="0">
              <value>
                <![CDATA[public void com.bstack.tests.EcommerceTest.TC_04_validateCartSlider() throws java.lang.Exception]]>
              </value>
            </param>
          </params>
          <reporter-output>
          </reporter-output>
        </test-method> <!-- createTest -->
        <test-method signature="TC_05_validateMultipleItemsCart()[pri:5, instance:com.bstack.tests.EcommerceTest@6cf0e0ba]" started-at="2026-05-17T14:23:26 IST" name="TC_05_validateMultipleItemsCart" finished-at="2026-05-17T14:23:26 IST" duration-ms="225" status="PASS">
          <reporter-output>
          </reporter-output>
        </test-method> <!-- TC_05_validateMultipleItemsCart -->
        <test-method is-config="true" signature="createTest(java.lang.reflect.Method)[pri:0, instance:com.bstack.tests.EcommerceTest@6cf0e0ba]" started-at="2026-05-17T14:23:26 IST" name="createTest" finished-at="2026-05-17T14:23:26 IST" duration-ms="0" status="PASS">
          <params>
            <param index="0">
              <value>
                <![CDATA[public void com.bstack.tests.EcommerceTest.TC_05_validateMultipleItemsCart() throws java.lang.Exception]]>
              </value>
            </param>
          </params>
          <reporter-output>
          </reporter-output>
        </test-method> <!-- createTest -->
        <test-method is-config="true" signature="createTest(java.lang.reflect.Method)[pri:0, instance:com.bstack.tests.EcommerceTest@6cf0e0ba]" started-at="2026-05-17T14:23:26 IST" name="createTest" finished-at="2026-05-17T14:23:26 IST" duration-ms="1" status="PASS">
          <params>
            <param index="0">
              <value>
                <![CDATA[public void com.bstack.tests.EcommerceTest.TC_06_validateRemoveCartItem() throws java.lang.Exception]]>
              </value>
            </param>
          </params>
          <reporter-output>
          </reporter-output>
        </test-method> <!-- createTest -->
        <test-method signature="TC_06_validateRemoveCartItem()[pri:6, instance:com.bstack.tests.EcommerceTest@6cf0e0ba]" started-at="2026-05-17T14:23:26 IST" name="TC_06_validateRemoveCartItem" finished-at="2026-05-17T14:23:26 IST" duration-ms="225" status="PASS">
          <reporter-output>
          </reporter-output>
        </test-method> <!-- TC_06_validateRemoveCartItem -->
        <test-method signature="TC_07_validateCheckout()[pri:7, instance:com.bstack.tests.EcommerceTest@6cf0e0ba]" started-at="2026-05-17T14:23:26 IST" name="TC_07_validateCheckout" finished-at="2026-05-17T14:23:27 IST" duration-ms="922" status="PASS">
          <reporter-output>
          </reporter-output>
        </test-method> <!-- TC_07_validateCheckout -->
        <test-method is-config="true" signature="createTest(java.lang.reflect.Method)[pri:0, instance:com.bstack.tests.EcommerceTest@6cf0e0ba]" started-at="2026-05-17T14:23:26 IST" name="createTest" finished-at="2026-05-17T14:23:26 IST" duration-ms="0" status="PASS">
          <params>
            <param index="0">
              <value>
                <![CDATA[public void com.bstack.tests.EcommerceTest.TC_07_validateCheckout() throws java.lang.Exception]]>
              </value>
            </param>
          </params>
          <reporter-output>
          </reporter-output>
        </test-method> <!-- createTest -->
        <test-method is-config="true" signature="teardown()[pri:0, instance:com.bstack.tests.EcommerceTest@6cf0e0ba]" started-at="2026-05-17T14:23:27 IST" name="teardown" finished-at="2026-05-17T14:23:27 IST" duration-ms="259" status="PASS">
          <reporter-output>
          </reporter-output>
        </test-method> <!-- teardown -->
      </class> <!-- com.bstack.tests.EcommerceTest -->
    </test> <!-- Login Test -->
  </suite> <!-- BrowserStack Suite -->
</testng-results>
