<?xml version="1.0" encoding="UTF-8"?>
<!-- Generated by org.testng.reporters.JUnitReportReporter -->
<testsuite hostname="Gauthams-MacBook-Pro.local" failures="0" tests="5" name="com.bstack.tests.EcommerceTest" time="10.105" errors="0" timestamp="2026-05-17T01:43:46 IST" skipped="0">
  <testcase classname="com.bstack.tests.EcommerceTest" name="TC_01_validateValidLogin" time="7.666"/>
  <testcase classname="com.bstack.tests.EcommerceTest" name="TC_02_validateProductDisplay" time="0.543"/>
  <testcase classname="com.bstack.tests.EcommerceTest" name="TC_03_validateAddToCart" time="0.763"/>
  <testcase classname="com.bstack.tests.EcommerceTest" name="TC_04_validateCartSlider" time="0.213"/>
  <testcase classname="com.bstack.tests.EcommerceTest" name="TC_05_validateCheckout" time="0.920"/>
</testsuite> <!-- com.bstack.tests.EcommerceTest -->
