<?xml version="1.0" encoding="UTF-8"?>
<!-- Generated by org.testng.reporters.JUnitReportReporter -->
<testsuite hostname="Gauthams-MacBook-Pro.local" failures="0" tests="7" name="com.bstack.tests.EcommerceTest" time="16.468" errors="0" timestamp="2026-05-17T14:23:27 IST" skipped="0">
  <testcase classname="com.bstack.tests.EcommerceTest" name="TC_01_validateValidLogin" time="13.574"/>
  <testcase classname="com.bstack.tests.EcommerceTest" name="TC_02_validateProductDisplay" time="0.544"/>
  <testcase classname="com.bstack.tests.EcommerceTest" name="TC_03_validateAddToCart" time="0.778"/>
  <testcase classname="com.bstack.tests.EcommerceTest" name="TC_04_validateCartSlider" time="0.197"/>
  <testcase classname="com.bstack.tests.EcommerceTest" name="TC_05_validateMultipleItemsCart" time="0.226"/>
  <testcase classname="com.bstack.tests.EcommerceTest" name="TC_06_validateRemoveCartItem" time="0.227"/>
  <testcase classname="com.bstack.tests.EcommerceTest" name="TC_07_validateCheckout" time="0.922"/>
</testsuite> <!-- com.bstack.tests.EcommerceTest -->
